{"name":"TC_05_Order_Checkout_Products_Payment_By_Cheque","status":"broken","statusDetails":{"known":false,"muted":false,"flaky":false,"message":"Expected condition failed: waiting for visibility of element located by By.xpath: //span[text()='AP_MBP_13']/parent::td/following-sibling::td//img[contains(@title,'Apple MacBook Pro 13-inch')]/parent::a/parent::td/following-sibling::td/a[text()='Apple MacBook Pro 13-inch']/parent::td/following-sibling::td//span[text()='$1,800.00']/parent::td/following-sibling::td/span[@value='2']/parent::td/following-sibling::td/span[text()='$3,600.00'] (tried for 15 second(s) with 500 milliseconds interval)","trace":"org.openqa.selenium.TimeoutException: Expected condition failed: waiting for visibility of element located by By.xpath: //span[text()='AP_MBP_13']/parent::td/following-sibling::td//img[contains(@title,'Apple MacBook Pro 13-inch')]/parent::a/parent::td/following-sibling::td/a[text()='Apple MacBook Pro 13-inch']/parent::td/following-sibling::td//span[text()='$1,800.00']/parent::td/following-sibling::td/span[@value='2']/parent::td/following-sibling::td/span[text()='$3,600.00'] (tried for 15 second(s) with 500 milliseconds interval)\r\n\tat org.openqa.selenium.support.ui.WebDriverWait.timeoutException(WebDriverWait.java:95)\r\n\tat org.openqa.selenium.support.ui.FluentWait.until(FluentWait.java:272)\r\n\tat commons.AbstractPage.waitForElementVisible(AbstractPage.java:493)\r\n\tat pageObjects.nopCommerce.UserCheckoutPO.areProductDetailDisplayedAtConfirmOrderStep(UserCheckoutPO.java:139)\r\n\tat com.nopcommerce.user.User_07_Order_Products.TC_05_Order_Checkout_Products_Payment_By_Cheque(User_07_Order_Products.java:459)\r\n\tat sun.reflect.NativeMethodAccessorImpl.invoke0(Native Method)\r\n\tat sun.reflect.NativeMethodAccessorImpl.invoke(NativeMethodAccessorImpl.java:62)\r\n\tat sun.reflect.DelegatingMethodAccessorImpl.invoke(DelegatingMethodAccessorImpl.java:43)\r\n\tat java.lang.reflect.Method.invoke(Method.java:498)\r\n\tat org.testng.internal.MethodInvocationHelper.invokeMethod(MethodInvocationHelper.java:124)\r\n\tat org.testng.internal.Invoker.invokeMethod(Invoker.java:583)\r\n\tat org.testng.internal.Invoker.invokeTestMethod(Invoker.java:719)\r\n\tat org.testng.internal.Invoker.invokeTestMethods(Invoker.java:989)\r\n\tat org.testng.internal.TestMethodWorker.invokeTestMethods(TestMethodWorker.java:125)\r\n\tat org.testng.internal.TestMethodWorker.run(TestMethodWorker.java:109)\r\n\tat org.testng.TestRunner.privateRun(TestRunner.java:648)\r\n\tat org.testng.TestRunner.run(TestRunner.java:505)\r\n\tat org.testng.SuiteRunner.runTest(SuiteRunner.java:455)\r\n\tat org.testng.SuiteRunner.runSequentially(SuiteRunner.java:450)\r\n\tat org.testng.SuiteRunner.privateRun(SuiteRunner.java:415)\r\n\tat org.testng.SuiteRunner.run(SuiteRunner.java:364)\r\n\tat org.testng.SuiteRunnerWorker.runSuite(SuiteRunnerWorker.java:52)\r\n\tat org.testng.SuiteRunnerWorker.run(SuiteRunnerWorker.java:84)\r\n\tat org.testng.TestNG.runSuitesSequentially(TestNG.java:1208)\r\n\tat org.testng.TestNG.runSuitesLocally(TestNG.java:1137)\r\n\tat org.testng.TestNG.runSuites(TestNG.java:1049)\r\n\tat org.testng.TestNG.run(TestNG.java:1017)\r\n\tat org.testng.remote.AbstractRemoteTestNG.run(AbstractRemoteTestNG.java:115)\r\n\tat org.testng.remote.RemoteTestNG.initAndRun(RemoteTestNG.java:251)\r\n\tat org.testng.remote.RemoteTestNG.main(RemoteTestNG.java:77)\r\nCaused by: org.openqa.selenium.NoSuchElementException: no such element: Unable to locate element: {\"method\":\"xpath\",\"selector\":\"//span[text()='AP_MBP_13']/parent::td/following-sibling::td//img[contains(@title,'Apple MacBook Pro 13-inch')]/parent::a/parent::td/following-sibling::td/a[text()='Apple MacBook Pro 13-inch']/parent::td/following-sibling::td//span[text()='$1,800.00']/parent::td/following-sibling::td/span[@value='2']/parent::td/following-sibling::td/span[text()='$3,600.00']\"}\n  (Session info: chrome=87.0.4280.141)\nFor documentation on this error, please visit: https://www.seleniumhq.org/exceptions/no_such_element.html\nBuild info: version: '3.141.59', revision: 'e82be7d358', time: '2018-11-14T08:17:03'\nSystem info: host: 'DESKTOP-890VNEQ', ip: '192.168.81.1', os.name: 'Windows 10', os.arch: 'amd64', os.version: '10.0', java.version: '1.8.0_261'\nDriver info: org.openqa.selenium.chrome.ChromeDriver\nCapabilities {acceptInsecureCerts: false, browserName: chrome, browserVersion: 87.0.4280.141, chrome: {chromedriverVersion: 87.0.4280.88 (89e2380a3e36c..., userDataDir: C:\\Users\\KHANGK~1\\AppData\\L...}, goog:chromeOptions: {debuggerAddress: localhost:53864}, javascriptEnabled: true, networkConnectionEnabled: false, pageLoadStrategy: normal, platform: WINDOWS, platformName: WINDOWS, proxy: Proxy(), setWindowRect: true, strictFileInteractability: false, timeouts: {implicit: 0, pageLoad: 300000, script: 30000}, unhandledPromptBehavior: dismiss and notify, webauthn:virtualAuthenticators: true}\nSession ID: 9a181d335b4261d1305bb51f16467dee\n*** Element info: {Using=xpath, value=//span[text()='AP_MBP_13']/parent::td/following-sibling::td//img[contains(@title,'Apple MacBook Pro 13-inch')]/parent::a/parent::td/following-sibling::td/a[text()='Apple MacBook Pro 13-inch']/parent::td/following-sibling::td//span[text()='$1,800.00']/parent::td/following-sibling::td/span[@value='2']/parent::td/following-sibling::td/span[text()='$3,600.00']}\r\n\tat sun.reflect.NativeConstructorAccessorImpl.newInstance0(Native Method)\r\n\tat sun.reflect.NativeConstructorAccessorImpl.newInstance(NativeConstructorAccessorImpl.java:62)\r\n\tat sun.reflect.DelegatingConstructorAccessorImpl.newInstance(DelegatingConstructorAccessorImpl.java:45)\r\n\tat java.lang.reflect.Constructor.newInstance(Constructor.java:423)\r\n\tat org.openqa.selenium.remote.http.W3CHttpResponseCodec.createException(W3CHttpResponseCodec.java:187)\r\n\tat org.openqa.selenium.remote.http.W3CHttpResponseCodec.decode(W3CHttpResponseCodec.java:122)\r\n\tat org.openqa.selenium.remote.http.W3CHttpResponseCodec.decode(W3CHttpResponseCodec.java:49)\r\n\tat org.openqa.selenium.remote.HttpCommandExecutor.execute(HttpCommandExecutor.java:158)\r\n\tat org.openqa.selenium.remote.service.DriverCommandExecutor.execute(DriverCommandExecutor.java:83)\r\n\tat org.openqa.selenium.remote.RemoteWebDriver.execute(RemoteWebDriver.java:552)\r\n\tat org.openqa.selenium.remote.RemoteWebDriver.findElement(RemoteWebDriver.java:323)\r\n\tat org.openqa.selenium.remote.RemoteWebDriver.findElementByXPath(RemoteWebDriver.java:428)\r\n\tat org.openqa.selenium.By$ByXPath.findElement(By.java:353)\r\n\tat org.openqa.selenium.remote.RemoteWebDriver.findElement(RemoteWebDriver.java:315)\r\n\tat org.openqa.selenium.support.ui.ExpectedConditions$7.apply(ExpectedConditions.java:205)\r\n\tat org.openqa.selenium.support.ui.ExpectedConditions$7.apply(ExpectedConditions.java:201)\r\n\tat org.openqa.selenium.support.ui.FluentWait.until(FluentWait.java:249)\r\n\t... 28 more\r\n"},"stage":"finished","steps":[],"attachments":[{"name":"Screenshot of TC_05_Order_Checkout_Products_Payment_By_Cheque","source":"8c8b06d8-84a2-43df-a434-e0c5f3f62fa8-attachment","type":"image/png"},{"name":"Text attachment of TC_05_Order_Checkout_Products_Payment_By_Cheque failed and screenshot taken!","source":"2cc357b4-60f4-436f-bedd-9c9917db7fb8-attachment","type":"text/plain"}],"parameters":[{"name":"url","value":"https://demo.nopcommerce.com/"},{"name":"browser","value":"chrome_ui"}],"start":1611065798838,"stop":1611065941218,"uuid":"5c271e3d-05b5-42e3-8222-5e7c5e6aa60c","historyId":"956e3bfb107a413fb72809aac77bc255","fullName":"com.nopcommerce.user.User_07_Order_Products.TC_05_Order_Checkout_Products_Payment_By_Cheque","labels":[{"name":"package","value":"com.nopcommerce.user.User_07_Order_Products"},{"name":"testClass","value":"com.nopcommerce.user.User_07_Order_Products"},{"name":"testMethod","value":"TC_05_Order_Checkout_Products_Payment_By_Cheque"},{"name":"parentSuite","value":"Nop commerce"},{"name":"suite","value":"Run on CHROME UI"},{"name":"subSuite","value":"com.nopcommerce.user.User_07_Order_Products"},{"name":"host","value":"DESKTOP-890VNEQ"},{"name":"thread","value":"32008@DESKTOP-890VNEQ.main(1)"},{"name":"framework","value":"testng"},{"name":"language","value":"java"}],"links":[]}