{"name":"TC_01_Add_Product_To_Shopping_Card","status":"broken","statusDetails":{"known":false,"muted":false,"flaky":false,"message":"Multiple failures (3):\nFailure 1 of 3\njava.lang.AssertionError: expected [2.5 GHz Intel Pentium Dual-Core E2200 [+$15.00]\n8GB [+$60.00]\n400 GB [+$100.00]\nVista Premium [+$60.00]\nMicrosoft Office [+$50.00]\nAcrobat Reader [+$10.00]\nTotal Commander [+$5.00]] but found [Processor: 2.5 GHz Intel Pentium Dual-Core E2200 [+$15.00]\nRAM: 8GB [+$60.00]\nHDD: 400 GB [+$100.00]\nOS: Vista Premium [+$60.00]\nSoftware: Microsoft Office [+$50.00]\nSoftware: Acrobat Reader [+$10.00]\nSoftware: Total Commander [+$5.00]]\r\n\tat org.testng.Assert.fail(Assert.java:96)\r\n\tat org.testng.Assert.failNotEquals(Assert.java:776)\r\n\tat org.testng.Assert.assertEqualsImpl(Assert.java:137)\r\n\tat org.testng.Assert.assertEquals(Assert.java:118)\r\n\tat org.testng.Assert.assertEquals(Assert.java:442)\r\n\tat commons.AbstractTest.checkEquals(AbstractTest.java:236)\r\n\tat commons.AbstractTest.verifyEquals(AbstractTest.java:248)\r\n\tat com.nopcommerce.user.User_07_Order_Products.TC_01_Add_Product_To_Shopping_Card(User_07_Order_Products.java:165)\r\n\tat sun.reflect.NativeMethodAccessorImpl.invoke0(Native Method)\r\n\tat sun.reflect.NativeMethodAccessorImpl.invoke(NativeMethodAccessorImpl.java:62)\r\n\tat sun.reflect.DelegatingMethodAccessorImpl.invoke(DelegatingMethodAccessorImpl.java:43)\r\n\tat java.lang.reflect.Method.invoke(Method.java:498)\r\n\tat org.testng.internal.MethodInvocationHelper.invokeMethod(MethodInvocationHelper.java:124)\r\n\tat org.testng.internal.Invoker.invokeMethod(Invoker.java:583)\r\n\tat org.testng.internal.Invoker.invokeTestMethod(Invoker.java:719)\r\n\tat org.testng.internal.Invoker.invokeTestMethods(Invoker.java:989)\r\n\tat org.testng.internal.TestMethodWorker.invokeTestMethods(TestMethodWorker.java:125)\r\n\tat org.testng.internal.TestMethodWorker.run(TestMethodWorker.java:109)\r\n\tat org.testng.TestRunner.privateRun(TestRunner.java:648)\r\n\tat org.testng.TestRunner.run(TestRunner.java:505)\r\n\tat org.testng.SuiteRunner.runTest(SuiteRunner.java:455)\r\n\tat org.testng.SuiteRunner.runSequentially(SuiteRunner.java:450)\r\n\tat org.testng.SuiteRunner.privateRun(SuiteRunner.java:415)\r\n\tat org.testng.SuiteRunner.run(SuiteRunner.java:364)\r\n\tat org.testng.SuiteRunnerWorker.runSuite(SuiteRunnerWorker.java:52)\r\n\tat org.testng.SuiteRunnerWorker.run(SuiteRunnerWorker.java:84)\r\n\tat org.testng.TestNG.runSuitesSequentially(TestNG.java:1208)\r\n\tat org.testng.TestNG.runSuitesLocally(TestNG.java:1137)\r\n\tat org.testng.TestNG.runSuites(TestNG.java:1049)\r\n\tat org.testng.TestNG.run(TestNG.java:1017)\r\n\tat org.testng.remote.AbstractRemoteTestNG.run(AbstractRemoteTestNG.java:115)\r\n\tat org.testng.remote.RemoteTestNG.initAndRun(RemoteTestNG.java:251)\r\n\tat org.testng.remote.RemoteTestNG.main(RemoteTestNG.java:77)\r\n\nFailure 2 of 3\njava.lang.AssertionError: expected [Unit price: '$1,500.00'] but found [Unit price: $1,500.00]\r\n\tat org.testng.Assert.fail(Assert.java:96)\r\n\tat org.testng.Assert.failNotEquals(Assert.java:776)\r\n\tat org.testng.Assert.assertEqualsImpl(Assert.java:137)\r\n\tat org.testng.Assert.assertEquals(Assert.java:118)\r\n\tat org.testng.Assert.assertEquals(Assert.java:442)\r\n\tat commons.AbstractTest.checkEquals(AbstractTest.java:236)\r\n\tat commons.AbstractTest.verifyEquals(AbstractTest.java:248)\r\n\tat com.nopcommerce.user.User_07_Order_Products.TC_01_Add_Product_To_Shopping_Card(User_07_Order_Products.java:166)\r\n\tat sun.reflect.NativeMethodAccessorImpl.invoke0(Native Method)\r\n\tat sun.reflect.NativeMethodAccessorImpl.invoke(NativeMethodAccessorImpl.java:62)\r\n\tat sun.reflect.DelegatingMethodAccessorImpl.invoke(DelegatingMethodAccessorImpl.java:43)\r\n\tat java.lang.reflect.Method.invoke(Method.java:498)\r\n\tat org.testng.internal.MethodInvocationHelper.invokeMethod(MethodInvocationHelper.java:124)\r\n\tat org.testng.internal.Invoker.invokeMethod(Invoker.java:583)\r\n\tat org.testng.internal.Invoker.invokeTestMethod(Invoker.java:719)\r\n\tat org.testng.internal.Invoker.invokeTestMethods(Invoker.java:989)\r\n\tat org.testng.internal.TestMethodWorker.invokeTestMethods(TestMethodWorker.java:125)\r\n\tat org.testng.internal.TestMethodWorker.run(TestMethodWorker.java:109)\r\n\tat org.testng.TestRunner.privateRun(TestRunner.java:648)\r\n\tat org.testng.TestRunner.run(TestRunner.java:505)\r\n\tat org.testng.SuiteRunner.runTest(SuiteRunner.java:455)\r\n\tat org.testng.SuiteRunner.runSequentially(SuiteRunner.java:450)\r\n\tat org.testng.SuiteRunner.privateRun(SuiteRunner.java:415)\r\n\tat org.testng.SuiteRunner.run(SuiteRunner.java:364)\r\n\tat org.testng.SuiteRunnerWorker.runSuite(SuiteRunnerWorker.java:52)\r\n\tat org.testng.SuiteRunnerWorker.run(SuiteRunnerWorker.java:84)\r\n\tat org.testng.TestNG.runSuitesSequentially(TestNG.java:1208)\r\n\tat org.testng.TestNG.runSuitesLocally(TestNG.java:1137)\r\n\tat org.testng.TestNG.runSuites(TestNG.java:1049)\r\n\tat org.testng.TestNG.run(TestNG.java:1017)\r\n\tat org.testng.remote.AbstractRemoteTestNG.run(AbstractRemoteTestNG.java:115)\r\n\tat org.testng.remote.RemoteTestNG.initAndRun(RemoteTestNG.java:251)\r\n\tat org.testng.remote.RemoteTestNG.main(RemoteTestNG.java:77)\r\n\nFailure 3 of 3\njava.lang.AssertionError: expected [Quantity: '1'] but found [Quantity: 1]","trace":"java.lang.Throwable: Multiple failures (3):\nFailure 1 of 3\njava.lang.AssertionError: expected [2.5 GHz Intel Pentium Dual-Core E2200 [+$15.00]\n8GB [+$60.00]\n400 GB [+$100.00]\nVista Premium [+$60.00]\nMicrosoft Office [+$50.00]\nAcrobat Reader [+$10.00]\nTotal Commander [+$5.00]] but found [Processor: 2.5 GHz Intel Pentium Dual-Core E2200 [+$15.00]\nRAM: 8GB [+$60.00]\nHDD: 400 GB [+$100.00]\nOS: Vista Premium [+$60.00]\nSoftware: Microsoft Office [+$50.00]\nSoftware: Acrobat Reader [+$10.00]\nSoftware: Total Commander [+$5.00]]\r\n\tat org.testng.Assert.fail(Assert.java:96)\r\n\tat org.testng.Assert.failNotEquals(Assert.java:776)\r\n\tat org.testng.Assert.assertEqualsImpl(Assert.java:137)\r\n\tat org.testng.Assert.assertEquals(Assert.java:118)\r\n\tat org.testng.Assert.assertEquals(Assert.java:442)\r\n\tat commons.AbstractTest.checkEquals(AbstractTest.java:236)\r\n\tat commons.AbstractTest.verifyEquals(AbstractTest.java:248)\r\n\tat com.nopcommerce.user.User_07_Order_Products.TC_01_Add_Product_To_Shopping_Card(User_07_Order_Products.java:165)\r\n\tat sun.reflect.NativeMethodAccessorImpl.invoke0(Native Method)\r\n\tat sun.reflect.NativeMethodAccessorImpl.invoke(NativeMethodAccessorImpl.java:62)\r\n\tat sun.reflect.DelegatingMethodAccessorImpl.invoke(DelegatingMethodAccessorImpl.java:43)\r\n\tat java.lang.reflect.Method.invoke(Method.java:498)\r\n\tat org.testng.internal.MethodInvocationHelper.invokeMethod(MethodInvocationHelper.java:124)\r\n\tat org.testng.internal.Invoker.invokeMethod(Invoker.java:583)\r\n\tat org.testng.internal.Invoker.invokeTestMethod(Invoker.java:719)\r\n\tat org.testng.internal.Invoker.invokeTestMethods(Invoker.java:989)\r\n\tat org.testng.internal.TestMethodWorker.invokeTestMethods(TestMethodWorker.java:125)\r\n\tat org.testng.internal.TestMethodWorker.run(TestMethodWorker.java:109)\r\n\tat org.testng.TestRunner.privateRun(TestRunner.java:648)\r\n\tat org.testng.TestRunner.run(TestRunner.java:505)\r\n\tat org.testng.SuiteRunner.runTest(SuiteRunner.java:455)\r\n\tat org.testng.SuiteRunner.runSequentially(SuiteRunner.java:450)\r\n\tat org.testng.SuiteRunner.privateRun(SuiteRunner.java:415)\r\n\tat org.testng.SuiteRunner.run(SuiteRunner.java:364)\r\n\tat org.testng.SuiteRunnerWorker.runSuite(SuiteRunnerWorker.java:52)\r\n\tat org.testng.SuiteRunnerWorker.run(SuiteRunnerWorker.java:84)\r\n\tat org.testng.TestNG.runSuitesSequentially(TestNG.java:1208)\r\n\tat org.testng.TestNG.runSuitesLocally(TestNG.java:1137)\r\n\tat org.testng.TestNG.runSuites(TestNG.java:1049)\r\n\tat org.testng.TestNG.run(TestNG.java:1017)\r\n\tat org.testng.remote.AbstractRemoteTestNG.run(AbstractRemoteTestNG.java:115)\r\n\tat org.testng.remote.RemoteTestNG.initAndRun(RemoteTestNG.java:251)\r\n\tat org.testng.remote.RemoteTestNG.main(RemoteTestNG.java:77)\r\n\nFailure 2 of 3\njava.lang.AssertionError: expected [Unit price: '$1,500.00'] but found [Unit price: $1,500.00]\r\n\tat org.testng.Assert.fail(Assert.java:96)\r\n\tat org.testng.Assert.failNotEquals(Assert.java:776)\r\n\tat org.testng.Assert.assertEqualsImpl(Assert.java:137)\r\n\tat org.testng.Assert.assertEquals(Assert.java:118)\r\n\tat org.testng.Assert.assertEquals(Assert.java:442)\r\n\tat commons.AbstractTest.checkEquals(AbstractTest.java:236)\r\n\tat commons.AbstractTest.verifyEquals(AbstractTest.java:248)\r\n\tat com.nopcommerce.user.User_07_Order_Products.TC_01_Add_Product_To_Shopping_Card(User_07_Order_Products.java:166)\r\n\tat sun.reflect.NativeMethodAccessorImpl.invoke0(Native Method)\r\n\tat sun.reflect.NativeMethodAccessorImpl.invoke(NativeMethodAccessorImpl.java:62)\r\n\tat sun.reflect.DelegatingMethodAccessorImpl.invoke(DelegatingMethodAccessorImpl.java:43)\r\n\tat java.lang.reflect.Method.invoke(Method.java:498)\r\n\tat org.testng.internal.MethodInvocationHelper.invokeMethod(MethodInvocationHelper.java:124)\r\n\tat org.testng.internal.Invoker.invokeMethod(Invoker.java:583)\r\n\tat org.testng.internal.Invoker.invokeTestMethod(Invoker.java:719)\r\n\tat org.testng.internal.Invoker.invokeTestMethods(Invoker.java:989)\r\n\tat org.testng.internal.TestMethodWorker.invokeTestMethods(TestMethodWorker.java:125)\r\n\tat org.testng.internal.TestMethodWorker.run(TestMethodWorker.java:109)\r\n\tat org.testng.TestRunner.privateRun(TestRunner.java:648)\r\n\tat org.testng.TestRunner.run(TestRunner.java:505)\r\n\tat org.testng.SuiteRunner.runTest(SuiteRunner.java:455)\r\n\tat org.testng.SuiteRunner.runSequentially(SuiteRunner.java:450)\r\n\tat org.testng.SuiteRunner.privateRun(SuiteRunner.java:415)\r\n\tat org.testng.SuiteRunner.run(SuiteRunner.java:364)\r\n\tat org.testng.SuiteRunnerWorker.runSuite(SuiteRunnerWorker.java:52)\r\n\tat org.testng.SuiteRunnerWorker.run(SuiteRunnerWorker.java:84)\r\n\tat org.testng.TestNG.runSuitesSequentially(TestNG.java:1208)\r\n\tat org.testng.TestNG.runSuitesLocally(TestNG.java:1137)\r\n\tat org.testng.TestNG.runSuites(TestNG.java:1049)\r\n\tat org.testng.TestNG.run(TestNG.java:1017)\r\n\tat org.testng.remote.AbstractRemoteTestNG.run(AbstractRemoteTestNG.java:115)\r\n\tat org.testng.remote.RemoteTestNG.initAndRun(RemoteTestNG.java:251)\r\n\tat org.testng.remote.RemoteTestNG.main(RemoteTestNG.java:77)\r\n\nFailure 3 of 3\njava.lang.AssertionError: expected [Quantity: '1'] but found [Quantity: 1]\r\n\tat org.testng.Assert.fail(Assert.java:96)\r\n\tat org.testng.Assert.failNotEquals(Assert.java:776)\r\n\tat org.testng.Assert.assertEqualsImpl(Assert.java:137)\r\n\tat org.testng.Assert.assertEquals(Assert.java:118)\r\n\tat org.testng.Assert.assertEquals(Assert.java:442)\r\n\tat commons.AbstractTest.checkEquals(AbstractTest.java:236)\r\n\tat commons.AbstractTest.verifyEquals(AbstractTest.java:248)\r\n\tat com.nopcommerce.user.User_07_Order_Products.TC_01_Add_Product_To_Shopping_Card(User_07_Order_Products.java:167)\r\n\tat sun.reflect.NativeMethodAccessorImpl.invoke0(Native Method)\r\n\tat sun.reflect.NativeMethodAccessorImpl.invoke(NativeMethodAccessorImpl.java:62)\r\n\tat sun.reflect.DelegatingMethodAccessorImpl.invoke(DelegatingMethodAccessorImpl.java:43)\r\n\tat java.lang.reflect.Method.invoke(Method.java:498)\r\n\tat org.testng.internal.MethodInvocationHelper.invokeMethod(MethodInvocationHelper.java:124)\r\n\tat org.testng.internal.Invoker.invokeMethod(Invoker.java:583)\r\n\tat org.testng.internal.Invoker.invokeTestMethod(Invoker.java:719)\r\n\tat org.testng.internal.Invoker.invokeTestMethods(Invoker.java:989)\r\n\tat org.testng.internal.TestMethodWorker.invokeTestMethods(TestMethodWorker.java:125)\r\n\tat org.testng.internal.TestMethodWorker.run(TestMethodWorker.java:109)\r\n\tat org.testng.TestRunner.privateRun(TestRunner.java:648)\r\n\tat org.testng.TestRunner.run(TestRunner.java:505)\r\n\tat org.testng.SuiteRunner.runTest(SuiteRunner.java:455)\r\n\tat org.testng.SuiteRunner.runSequentially(SuiteRunner.java:450)\r\n\tat org.testng.SuiteRunner.privateRun(SuiteRunner.java:415)\r\n\tat org.testng.SuiteRunner.run(SuiteRunner.java:364)\r\n\tat org.testng.SuiteRunnerWorker.runSuite(SuiteRunnerWorker.java:52)\r\n\tat org.testng.SuiteRunnerWorker.run(SuiteRunnerWorker.java:84)\r\n\tat org.testng.TestNG.runSuitesSequentially(TestNG.java:1208)\r\n\tat org.testng.TestNG.runSuitesLocally(TestNG.java:1137)\r\n\tat org.testng.TestNG.runSuites(TestNG.java:1049)\r\n\tat org.testng.TestNG.run(TestNG.java:1017)\r\n\tat org.testng.remote.AbstractRemoteTestNG.run(AbstractRemoteTestNG.java:115)\r\n\tat org.testng.remote.RemoteTestNG.initAndRun(RemoteTestNG.java:251)\r\n\tat org.testng.remote.RemoteTestNG.main(RemoteTestNG.java:77)\r\n"},"stage":"finished","steps":[],"attachments":[],"parameters":[{"name":"url","value":"https://demo.nopcommerce.com/"},{"name":"browser","value":"chrome_ui"}],"start":1610870462871,"stop":1610870478327,"uuid":"999af912-94b2-4d00-bda1-3adb4035220c","historyId":"ab075b01ddff25321d2709172d875b92","fullName":"com.nopcommerce.user.User_07_Order_Products.TC_01_Add_Product_To_Shopping_Card","labels":[{"name":"package","value":"com.nopcommerce.user.User_07_Order_Products"},{"name":"testClass","value":"com.nopcommerce.user.User_07_Order_Products"},{"name":"testMethod","value":"TC_01_Add_Product_To_Shopping_Card"},{"name":"parentSuite","value":"Nop commerce"},{"name":"suite","value":"Run on CHROME UI"},{"name":"subSuite","value":"com.nopcommerce.user.User_07_Order_Products"},{"name":"host","value":"DESKTOP-890VNEQ"},{"name":"thread","value":"22252@DESKTOP-890VNEQ.main(1)"},{"name":"framework","value":"testng"},{"name":"language","value":"java"}],"links":[]}