{"name":"TC_01_Upload_File","status":"broken","statusDetails":{"known":false,"muted":false,"flaky":false,"message":"Expected condition failed: waiting for visibility of element located by By.xpath: //td[@data-columnname='PictureUrl']/a[contains(@href,'adobe-photoshop-cs4')]/parent::td/following-sibling::td[@data-columnname='DisplayOrder' and text()='1']/following-sibling::td[@data-columnname='OverrideAltAttribute' and text()='Alt']/following-sibling::td[@data-columnname='OverrideTitleAttribute' and text()='Title'] (tried for 30 second(s) with 500 milliseconds interval)","trace":"org.openqa.selenium.TimeoutException: Expected condition failed: waiting for visibility of element located by By.xpath: //td[@data-columnname='PictureUrl']/a[contains(@href,'adobe-photoshop-cs4')]/parent::td/following-sibling::td[@data-columnname='DisplayOrder' and text()='1']/following-sibling::td[@data-columnname='OverrideAltAttribute' and text()='Alt']/following-sibling::td[@data-columnname='OverrideTitleAttribute' and text()='Title'] (tried for 30 second(s) with 500 milliseconds interval)\r\n\tat org.openqa.selenium.support.ui.WebDriverWait.timeoutException(WebDriverWait.java:95)\r\n\tat org.openqa.selenium.support.ui.FluentWait.until(FluentWait.java:272)\r\n\tat commons.AbstractPage.waitForElementVisible(AbstractPage.java:491)\r\n\tat pageObjects.nopCommerce.AdminProductsPagePO.areProductPictureDetailDisplayed(AdminProductsPagePO.java:128)\r\n\tat com.nopcommerce.admin.Level_10_Upload_File.TC_01_Upload_File(Level_10_Upload_File.java:49)\r\n\tat sun.reflect.NativeMethodAccessorImpl.invoke0(Native Method)\r\n\tat sun.reflect.NativeMethodAccessorImpl.invoke(Unknown Source)\r\n\tat sun.reflect.DelegatingMethodAccessorImpl.invoke(Unknown Source)\r\n\tat java.lang.reflect.Method.invoke(Unknown Source)\r\n\tat org.testng.internal.MethodInvocationHelper.invokeMethod(MethodInvocationHelper.java:124)\r\n\tat org.testng.internal.Invoker.invokeMethod(Invoker.java:583)\r\n\tat org.testng.internal.Invoker.invokeTestMethod(Invoker.java:719)\r\n\tat org.testng.internal.Invoker.invokeTestMethods(Invoker.java:989)\r\n\tat org.testng.internal.TestMethodWorker.invokeTestMethods(TestMethodWorker.java:125)\r\n\tat org.testng.internal.TestMethodWorker.run(TestMethodWorker.java:109)\r\n\tat org.testng.TestRunner.privateRun(TestRunner.java:648)\r\n\tat org.testng.TestRunner.run(TestRunner.java:505)\r\n\tat org.testng.SuiteRunner.runTest(SuiteRunner.java:455)\r\n\tat org.testng.SuiteRunner.runSequentially(SuiteRunner.java:450)\r\n\tat org.testng.SuiteRunner.privateRun(SuiteRunner.java:415)\r\n\tat org.testng.SuiteRunner.run(SuiteRunner.java:364)\r\n\tat org.testng.SuiteRunnerWorker.runSuite(SuiteRunnerWorker.java:52)\r\n\tat org.testng.SuiteRunnerWorker.run(SuiteRunnerWorker.java:84)\r\n\tat org.testng.TestNG.runSuitesSequentially(TestNG.java:1208)\r\n\tat org.testng.TestNG.runSuitesLocally(TestNG.java:1137)\r\n\tat org.testng.TestNG.runSuites(TestNG.java:1049)\r\n\tat org.testng.TestNG.run(TestNG.java:1017)\r\n\tat org.testng.remote.AbstractRemoteTestNG.run(AbstractRemoteTestNG.java:115)\r\n\tat org.testng.remote.RemoteTestNG.initAndRun(RemoteTestNG.java:251)\r\n\tat org.testng.remote.RemoteTestNG.main(RemoteTestNG.java:77)\r\nCaused by: org.openqa.selenium.NoSuchElementException: no such element: Unable to locate element: {\"method\":\"xpath\",\"selector\":\"//td[@data-columnname='PictureUrl']/a[contains(@href,'adobe-photoshop-cs4')]/parent::td/following-sibling::td[@data-columnname='DisplayOrder' and text()='1']/following-sibling::td[@data-columnname='OverrideAltAttribute' and text()='Alt']/following-sibling::td[@data-columnname='OverrideTitleAttribute' and text()='Title']\"}\n  (Session info: chrome=87.0.4280.88)\nFor documentation on this error, please visit: https://www.seleniumhq.org/exceptions/no_such_element.html\nBuild info: version: '3.141.59', revision: 'e82be7d358', time: '2018-11-14T08:17:03'\nSystem info: host: 'DESKTOP-890VNEQ', ip: '192.168.81.1', os.name: 'Windows 10', os.arch: 'amd64', os.version: '10.0', java.version: '1.8.0_261'\nDriver info: org.openqa.selenium.chrome.ChromeDriver\nCapabilities {acceptInsecureCerts: false, browserName: chrome, browserVersion: 87.0.4280.88, chrome: {chromedriverVersion: 87.0.4280.88 (89e2380a3e36c..., userDataDir: C:\\Users\\KHANGK~1\\AppData\\L...}, goog:chromeOptions: {debuggerAddress: localhost:61701}, javascriptEnabled: true, networkConnectionEnabled: false, pageLoadStrategy: normal, platform: WINDOWS, platformName: WINDOWS, proxy: Proxy(), setWindowRect: true, strictFileInteractability: false, timeouts: {implicit: 0, pageLoad: 300000, script: 30000}, unhandledPromptBehavior: dismiss and notify, webauthn:virtualAuthenticators: true}\nSession ID: c9c497cda15e1892fcc6936d6376b83f\n*** Element info: {Using=xpath, value=//td[@data-columnname='PictureUrl']/a[contains(@href,'adobe-photoshop-cs4')]/parent::td/following-sibling::td[@data-columnname='DisplayOrder' and text()='1']/following-sibling::td[@data-columnname='OverrideAltAttribute' and text()='Alt']/following-sibling::td[@data-columnname='OverrideTitleAttribute' and text()='Title']}\r\n\tat sun.reflect.NativeConstructorAccessorImpl.newInstance0(Native Method)\r\n\tat sun.reflect.NativeConstructorAccessorImpl.newInstance(Unknown Source)\r\n\tat sun.reflect.DelegatingConstructorAccessorImpl.newInstance(Unknown Source)\r\n\tat java.lang.reflect.Constructor.newInstance(Unknown Source)\r\n\tat org.openqa.selenium.remote.http.W3CHttpResponseCodec.createException(W3CHttpResponseCodec.java:187)\r\n\tat org.openqa.selenium.remote.http.W3CHttpResponseCodec.decode(W3CHttpResponseCodec.java:122)\r\n\tat org.openqa.selenium.remote.http.W3CHttpResponseCodec.decode(W3CHttpResponseCodec.java:49)\r\n\tat org.openqa.selenium.remote.HttpCommandExecutor.execute(HttpCommandExecutor.java:158)\r\n\tat org.openqa.selenium.remote.service.DriverCommandExecutor.execute(DriverCommandExecutor.java:83)\r\n\tat org.openqa.selenium.remote.RemoteWebDriver.execute(RemoteWebDriver.java:552)\r\n\tat org.openqa.selenium.remote.RemoteWebDriver.findElement(RemoteWebDriver.java:323)\r\n\tat org.openqa.selenium.remote.RemoteWebDriver.findElementByXPath(RemoteWebDriver.java:428)\r\n\tat org.openqa.selenium.By$ByXPath.findElement(By.java:353)\r\n\tat org.openqa.selenium.remote.RemoteWebDriver.findElement(RemoteWebDriver.java:315)\r\n\tat org.openqa.selenium.support.ui.ExpectedConditions$7.apply(ExpectedConditions.java:205)\r\n\tat org.openqa.selenium.support.ui.ExpectedConditions$7.apply(ExpectedConditions.java:201)\r\n\tat org.openqa.selenium.support.ui.FluentWait.until(FluentWait.java:249)\r\n\t... 28 more\r\n"},"stage":"finished","steps":[],"attachments":[],"parameters":[{"name":"url","value":"https://admin-demo.nopcommerce.com/login?ReturnUrl=%2Fadmin%2F"},{"name":"browser","value":"chrome_ui"}],"start":1609775930294,"stop":1609775968567,"uuid":"cfd5876f-0450-435d-84b3-c7ddca649158","historyId":"deee4067bfba07d21c769072a09d2978","fullName":"com.nopcommerce.admin.Level_10_Upload_File.TC_01_Upload_File","labels":[{"name":"package","value":"com.nopcommerce.admin.Level_10_Upload_File"},{"name":"testClass","value":"com.nopcommerce.admin.Level_10_Upload_File"},{"name":"testMethod","value":"TC_01_Upload_File"},{"name":"parentSuite","value":"Nop commerce - Admin"},{"name":"suite","value":"Run on CHROME UI"},{"name":"subSuite","value":"com.nopcommerce.admin.Level_10_Upload_File"},{"name":"host","value":"DESKTOP-890VNEQ"},{"name":"thread","value":"27032@DESKTOP-890VNEQ.main(1)"},{"name":"framework","value":"testng"},{"name":"language","value":"java"}],"links":[]}